This is pdfTeX, Version 3.14159265-2.6-1.40.19 (TeX Live 2018) (preloaded format=pdflatex 2018.9.22)  17 NOV 2018 16:46
entering extended mode
 restricted \write18 enabled.
 %&-line parsing enabled.
**resumen-final.tex
(./resumen-final.tex
LaTeX2e <2018-04-01> patch level 2
Babel <3.18> and hyphenation patterns for 84 language(s) loaded.
(/usr/local/texlive/2018/texmf-dist/tex/latex/base/article.cls
Document Class: article 2014/09/29 v1.4h Standard LaTeX document class
(/usr/local/texlive/2018/texmf-dist/tex/latex/base/size10.clo
File: size10.clo 2014/09/29 v1.4h Standard LaTeX file (size option)
)
\c@part=\count80
\c@section=\count81
\c@subsection=\count82
\c@subsubsection=\count83
\c@paragraph=\count84
\c@subparagraph=\count85
\c@figure=\count86
\c@table=\count87
\abovecaptionskip=\skip41
\belowcaptionskip=\skip42
\bibindent=\dimen102
)
(/usr/local/texlive/2018/texmf-dist/tex/generic/babel/babel.sty
Package: babel 2018/02/14 3.18 The Babel package

(/usr/local/texlive/2018/texmf-dist/tex/generic/babel/switch.def
File: switch.def 2018/02/14 3.18 Babel switching mechanism
)
(/usr/local/texlive/2018/texmf-dist/tex/generic/babel-spanish/spanish.ldf
Language: spanish.ldf 2016/03/03 v5.0p Spanish support from the babel system

(/usr/local/texlive/2018/texmf-dist/tex/generic/babel/babel.def
File: babel.def 2018/02/14 3.18 Babel common definitions
\babel@savecnt=\count88
\U@D=\dimen103

(/usr/local/texlive/2018/texmf-dist/tex/generic/babel/txtbabel.def)
\bbl@dirlevel=\count89
)
\es@quottoks=\toks14
\es@quotdepth=\count90
Package babel Info: Making " an active character on input line 561.
Package babel Info: Making . an active character on input line 662.
Package babel Info: Making < an active character on input line 707.
Package babel Info: Making > an active character on input line 707.
Package babel Info: Making ' an active character on input line 725.
))
(/usr/local/texlive/2018/texmf-dist/tex/latex/a4wide/a4wide.sty
Package: a4wide 1994/08/30

(/usr/local/texlive/2018/texmf-dist/tex/latex/ntgclass/a4.sty
Package: a4 2004/04/15 v1.2g A4 based page layout
))
(/usr/local/texlive/2018/texmf-dist/tex/latex/oberdiek/bookmark.sty
Package: bookmark 2016/05/17 v1.26 PDF bookmarks (HO)

(/usr/local/texlive/2018/texmf-dist/tex/generic/oberdiek/pdfescape.sty
Package: pdfescape 2016/05/16 v1.14 Implements pdfTeX's escape features (HO)

(/usr/local/texlive/2018/texmf-dist/tex/generic/oberdiek/ltxcmds.sty
Package: ltxcmds 2016/05/16 v1.23 LaTeX kernel commands for general use (HO)
)
(/usr/local/texlive/2018/texmf-dist/tex/generic/oberdiek/pdftexcmds.sty
Package: pdftexcmds 2018/01/30 v0.27 Utility functions of pdfTeX for LuaTeX (HO
)

(/usr/local/texlive/2018/texmf-dist/tex/generic/oberdiek/infwarerr.sty
Package: infwarerr 2016/05/16 v1.4 Providing info/warning/error messages (HO)
)
(/usr/local/texlive/2018/texmf-dist/tex/generic/oberdiek/ifluatex.sty
Package: ifluatex 2016/05/16 v1.4 Provides the ifluatex switch (HO)
Package ifluatex Info: LuaTeX not detected.
)
(/usr/local/texlive/2018/texmf-dist/tex/generic/oberdiek/ifpdf.sty
Package: ifpdf 2017/03/15 v3.2 Provides the ifpdf switch
)
Package pdftexcmds Info: LuaTeX not detected.
Package pdftexcmds Info: \pdf@primitive is available.
Package pdftexcmds Info: \pdf@ifprimitive is available.
Package pdftexcmds Info: \pdfdraftmode found.
))
(/usr/local/texlive/2018/texmf-dist/tex/generic/ifxetex/ifxetex.sty
Package: ifxetex 2010/09/12 v0.6 Provides ifxetex conditional
)
(/usr/local/texlive/2018/texmf-dist/tex/generic/oberdiek/ifvtex.sty
Package: ifvtex 2016/05/16 v1.6 Detect VTeX and its facilities (HO)
Package ifvtex Info: VTeX not detected.
)
(/usr/local/texlive/2018/texmf-dist/tex/latex/hyperref/hyperref.sty
Package: hyperref 2018/02/06 v6.86b Hypertext links for LaTeX

(/usr/local/texlive/2018/texmf-dist/tex/generic/oberdiek/hobsub-hyperref.sty
Package: hobsub-hyperref 2016/05/16 v1.14 Bundle oberdiek, subset hyperref (HO)


(/usr/local/texlive/2018/texmf-dist/tex/generic/oberdiek/hobsub-generic.sty
Package: hobsub-generic 2016/05/16 v1.14 Bundle oberdiek, subset generic (HO)
Package: hobsub 2016/05/16 v1.14 Construct package bundles (HO)
Package hobsub Info: Skipping package `infwarerr' (already loaded).
Package hobsub Info: Skipping package `ltxcmds' (already loaded).
Package hobsub Info: Skipping package `ifluatex' (already loaded).
Package hobsub Info: Skipping package `ifvtex' (already loaded).
Package: intcalc 2016/05/16 v1.2 Expandable calculations with integers (HO)
Package hobsub Info: Skipping package `ifpdf' (already loaded).
Package: etexcmds 2016/05/16 v1.6 Avoid name clashes with e-TeX commands (HO)
Package etexcmds Info: Could not find \expanded.
(etexcmds)             That can mean that you are not using pdfTeX 1.50 or
(etexcmds)             that some package has redefined \expanded.
(etexcmds)             In the latter case, load this package earlier.
Package: kvsetkeys 2016/05/16 v1.17 Key value parser (HO)
Package: kvdefinekeys 2016/05/16 v1.4 Define keys (HO)
Package hobsub Info: Skipping package `pdftexcmds' (already loaded).
Package hobsub Info: Skipping package `pdfescape' (already loaded).
Package: bigintcalc 2016/05/16 v1.4 Expandable calculations on big integers (HO
)
Package: bitset 2016/05/16 v1.2 Handle bit-vector datatype (HO)
Package: uniquecounter 2016/05/16 v1.3 Provide unlimited unique counter (HO)
)
Package hobsub Info: Skipping package `hobsub' (already loaded).
Package: letltxmacro 2016/05/16 v1.5 Let assignment for LaTeX macros (HO)
Package: hopatch 2016/05/16 v1.3 Wrapper for package hooks (HO)
Package: xcolor-patch 2016/05/16 xcolor patch
Package: atveryend 2016/05/16 v1.9 Hooks at the very end of document (HO)
Package atveryend Info: \enddocument detected (standard20110627).
Package: atbegshi 2016/06/09 v1.18 At begin shipout hook (HO)
Package: refcount 2016/05/16 v3.5 Data extraction from label references (HO)
Package: hycolor 2016/05/16 v1.8 Color options for hyperref/bookmark (HO)
)
(/usr/local/texlive/2018/texmf-dist/tex/latex/graphics/keyval.sty
Package: keyval 2014/10/28 v1.15 key=value parser (DPC)
\KV@toks@=\toks15
)
(/usr/local/texlive/2018/texmf-dist/tex/latex/oberdiek/auxhook.sty
Package: auxhook 2016/05/16 v1.4 Hooks for auxiliary files (HO)
)
(/usr/local/texlive/2018/texmf-dist/tex/latex/oberdiek/kvoptions.sty
Package: kvoptions 2016/05/16 v3.12 Key value format for package options (HO)
)
\@linkdim=\dimen104
\Hy@linkcounter=\count91
\Hy@pagecounter=\count92

(/usr/local/texlive/2018/texmf-dist/tex/latex/hyperref/pd1enc.def
File: pd1enc.def 2018/02/06 v6.86b Hyperref: PDFDocEncoding definition (HO)
Now handling font encoding PD1 ...
... no UTF-8 mapping file for font encoding PD1
)
\Hy@SavedSpaceFactor=\count93

(/usr/local/texlive/2018/texmf-dist/tex/latex/latexconfig/hyperref.cfg
File: hyperref.cfg 2002/06/06 v1.2 hyperref configuration of TeXLive
)
Package hyperref Info: Hyper figures OFF on input line 4509.
Package hyperref Info: Link nesting OFF on input line 4514.
Package hyperref Info: Hyper index ON on input line 4517.
Package hyperref Info: Plain pages OFF on input line 4524.
Package hyperref Info: Backreferencing OFF on input line 4529.
Package hyperref Info: Implicit mode ON; LaTeX internals redefined.
Package hyperref Info: Bookmarks ON on input line 4762.
\c@Hy@tempcnt=\count94

(/usr/local/texlive/2018/texmf-dist/tex/latex/url/url.sty
\Urlmuskip=\muskip10
Package: url 2013/09/16  ver 3.4  Verb mode for urls, etc.
)
LaTeX Info: Redefining \url on input line 5115.
\XeTeXLinkMargin=\dimen105
\Fld@menulength=\count95
\Field@Width=\dimen106
\Fld@charsize=\dimen107
Package hyperref Info: Hyper figures OFF on input line 6369.
Package hyperref Info: Link nesting OFF on input line 6374.
Package hyperref Info: Hyper index ON on input line 6377.
Package hyperref Info: backreferencing OFF on input line 6384.
Package hyperref Info: Link coloring OFF on input line 6389.
Package hyperref Info: Link coloring with OCG OFF on input line 6394.
Package hyperref Info: PDF/A mode OFF on input line 6399.
LaTeX Info: Redefining \ref on input line 6439.
LaTeX Info: Redefining \pageref on input line 6443.
\Hy@abspage=\count96
\c@Item=\count97
\c@Hfootnote=\count98
)
Package hyperref Info: Driver (autodetected): hpdftex.

(/usr/local/texlive/2018/texmf-dist/tex/latex/hyperref/hpdftex.def
File: hpdftex.def 2018/02/06 v6.86b Hyperref driver for pdfTeX
\Fld@listcount=\count99
\c@bookmark@seq@number=\count100

(/usr/local/texlive/2018/texmf-dist/tex/latex/oberdiek/rerunfilecheck.sty
Package: rerunfilecheck 2016/05/16 v1.8 Rerun checks for auxiliary files (HO)
Package uniquecounter Info: New unique counter `rerunfilecheck' on input line 2
82.
)
\Hy@SectionHShift=\skip43
)
(/usr/local/texlive/2018/texmf-dist/tex/latex/oberdiek/bkm-pdftex.def
File: bkm-pdftex.def 2016/05/17 v1.26 bookmark driver for pdfTeX (HO)
\BKM@id=\count101
))
(/usr/local/texlive/2018/texmf-dist/tex/latex/fancyhdr/fancyhdr.sty
Package: fancyhdr 2017/06/30 v3.9a Extensive control of page headers and footer
s
\f@nch@headwidth=\skip44
\f@nch@O@elh=\skip45
\f@nch@O@erh=\skip46
\f@nch@O@olh=\skip47
\f@nch@O@orh=\skip48
\f@nch@O@elf=\skip49
\f@nch@O@erf=\skip50
\f@nch@O@olf=\skip51
\f@nch@O@orf=\skip52
)
(/usr/local/texlive/2018/texmf-dist/tex/latex/graphics/graphicx.sty
Package: graphicx 2017/06/01 v1.1a Enhanced LaTeX Graphics (DPC,SPQR)

(/usr/local/texlive/2018/texmf-dist/tex/latex/graphics/graphics.sty
Package: graphics 2017/06/25 v1.2c Standard LaTeX Graphics (DPC,SPQR)

(/usr/local/texlive/2018/texmf-dist/tex/latex/graphics/trig.sty
Package: trig 2016/01/03 v1.10 sin cos tan (DPC)
)
(/usr/local/texlive/2018/texmf-dist/tex/latex/graphics-cfg/graphics.cfg
File: graphics.cfg 2016/06/04 v1.11 sample graphics configuration
)
Package graphics Info: Driver file: pdftex.def on input line 99.

(/usr/local/texlive/2018/texmf-dist/tex/latex/graphics-def/pdftex.def
File: pdftex.def 2018/01/08 v1.0l Graphics/color driver for pdftex
))
\Gin@req@height=\dimen108
\Gin@req@width=\dimen109
)
(./resumen-final.aux
LaTeX Info: Redefining \. on input line 25.
LaTeX Info: Redefining \% on input line 25.
)
\openout1 = `resumen-final.aux'.

LaTeX Font Info:    Checking defaults for OML/cmm/m/it on input line 20.
LaTeX Font Info:    ... okay on input line 20.
LaTeX Font Info:    Checking defaults for T1/cmr/m/n on input line 20.
LaTeX Font Info:    ... okay on input line 20.
LaTeX Font Info:    Checking defaults for OT1/cmr/m/n on input line 20.
LaTeX Font Info:    ... okay on input line 20.
LaTeX Font Info:    Checking defaults for OMS/cmsy/m/n on input line 20.
LaTeX Font Info:    ... okay on input line 20.
LaTeX Font Info:    Checking defaults for OMX/cmex/m/n on input line 20.
LaTeX Font Info:    ... okay on input line 20.
LaTeX Font Info:    Checking defaults for U/cmr/m/n on input line 20.
LaTeX Font Info:    ... okay on input line 20.
LaTeX Font Info:    Checking defaults for PD1/pdf/m/n on input line 20.
LaTeX Font Info:    ... okay on input line 20.
LaTeX Info: Redefining \. on input line 20.
LaTeX Info: Redefining \% on input line 20.
\AtBeginShipoutBox=\box26
Package hyperref Info: Link coloring OFF on input line 20.

(/usr/local/texlive/2018/texmf-dist/tex/latex/hyperref/nameref.sty
Package: nameref 2016/05/21 v2.44 Cross-referencing by name of section

(/usr/local/texlive/2018/texmf-dist/tex/generic/oberdiek/gettitlestring.sty
Package: gettitlestring 2016/05/16 v1.5 Cleanup title references (HO)
)
\c@section@level=\count102
)
LaTeX Info: Redefining \ref on input line 20.
LaTeX Info: Redefining \pageref on input line 20.
LaTeX Info: Redefining \nameref on input line 20.

(/usr/local/texlive/2018/texmf-dist/tex/context/base/mkii/supp-pdf.mkii
[Loading MPS to PDF converter (version 2006.09.02).]
\scratchcounter=\count103
\scratchdimen=\dimen110
\scratchbox=\box27
\nofMPsegments=\count104
\nofMParguments=\count105
\everyMPshowfont=\toks16
\MPscratchCnt=\count106
\MPscratchDim=\dimen111
\MPnumerator=\count107
\makeMPintoPDFobject=\count108
\everyMPtoPDFconversion=\toks17
) (/usr/local/texlive/2018/texmf-dist/tex/latex/oberdiek/epstopdf-base.sty
Package: epstopdf-base 2016/05/15 v2.6 Base part for package epstopdf

(/usr/local/texlive/2018/texmf-dist/tex/latex/oberdiek/grfext.sty
Package: grfext 2016/05/16 v1.2 Manage graphics extensions (HO)
)
Package epstopdf-base Info: Redefining graphics rule for `.eps' on input line 4
38.
Package grfext Info: Graphics extension search list:
(grfext)             [.pdf,.png,.jpg,.mps,.jpeg,.jbig2,.jb2,.PDF,.PNG,.JPG,.JPE
G,.JBIG2,.JB2,.eps]
(grfext)             \AppendGraphicsExtensions on input line 456.

(/usr/local/texlive/2018/texmf-dist/tex/latex/latexconfig/epstopdf-sys.cfg
File: epstopdf-sys.cfg 2010/07/13 v1.3 Configuration of (r)epstopdf for TeX Liv
e
))
Underfull \hbox (badness 10000) in paragraph at lines 26--27

 []

LaTeX Font Info:    Try loading font information for OMS+cmr on input line 33.
(/usr/local/texlive/2018/texmf-dist/tex/latex/base/omscmr.fd
File: omscmr.fd 2014/09/29 v2.5h Standard LaTeX font definitions
)
LaTeX Font Info:    Font shape `OMS/cmr/m/n' in size <10> not available
(Font)              Font shape `OMS/cmsy/m/n' tried instead on input line 33.

Underfull \hbox (badness 10000) in paragraph at lines 53--54

 []

Package babel Info: Redefining spanish shorthand <<
(babel)             in language append on input line 55.
Package babel Info: Redefining spanish shorthand >>
(babel)             in language append on input line 55.
Package babel Info: Redefining spanish shorthand "=
(babel)             in language append on input line 55.
Package babel Info: Redefining spanish shorthand "~
(babel)             in language append on input line 55.
Package babel Info: Redefining spanish shorthand "!
(babel)             in language append on input line 55.
Package babel Info: Redefining spanish shorthand "?
(babel)             in language append on input line 55.
Package babel Info: Redefining spanish shorthand <<
(babel)             in language append on input line 55.
Package babel Info: Redefining spanish shorthand >>
(babel)             in language append on input line 55.
Package babel Info: Redefining spanish shorthand "=
(babel)             in language append on input line 55.
Package babel Info: Redefining spanish shorthand "~
(babel)             in language append on input line 55.
Package babel Info: Redefining spanish shorthand "!
(babel)             in language append on input line 55.
Package babel Info: Redefining spanish shorthand "?
(babel)             in language append on input line 55.
[1{/usr/local/texlive/2018/texmf-var/fonts/map/pdftex/updmap/pdftex.map}

]
Underfull \hbox (badness 10000) in paragraph at lines 55--56

 []


Underfull \hbox (badness 10000) in paragraph at lines 57--58

 []


Underfull \hbox (badness 10000) in paragraph at lines 59--60

 []


Underfull \hbox (badness 10000) in paragraph at lines 61--62

 []


Underfull \hbox (badness 10000) in paragraph at lines 63--64

 []


Underfull \hbox (badness 10000) in paragraph at lines 65--66

 []


Underfull \hbox (badness 10000) in paragraph at lines 67--68

 []


Underfull \hbox (badness 10000) in paragraph at lines 70--71

 []


Underfull \hbox (badness 10000) in paragraph at lines 73--74

 []


Underfull \hbox (badness 10000) in paragraph at lines 75--76

 []


Underfull \hbox (badness 10000) in paragraph at lines 77--78

 []

Package babel Info: Redefining spanish shorthand <<
(babel)             in language append on input line 79.
Package babel Info: Redefining spanish shorthand >>
(babel)             in language append on input line 79.
Package babel Info: Redefining spanish shorthand "=
(babel)             in language append on input line 79.
Package babel Info: Redefining spanish shorthand "~
(babel)             in language append on input line 79.
Package babel Info: Redefining spanish shorthand "!
(babel)             in language append on input line 79.
Package babel Info: Redefining spanish shorthand "?
(babel)             in language append on input line 79.
Package babel Info: Redefining spanish shorthand <<
(babel)             in language append on input line 79.
Package babel Info: Redefining spanish shorthand >>
(babel)             in language append on input line 79.
Package babel Info: Redefining spanish shorthand "=
(babel)             in language append on input line 79.
Package babel Info: Redefining spanish shorthand "~
(babel)             in language append on input line 79.
Package babel Info: Redefining spanish shorthand "!
(babel)             in language append on input line 79.
Package babel Info: Redefining spanish shorthand "?
(babel)             in language append on input line 79.
[2]
Underfull \hbox (badness 10000) in paragraph at lines 85--86

 []


Underfull \hbox (badness 10000) in paragraph at lines 87--88

 []


Underfull \hbox (badness 10000) in paragraph at lines 97--98

 []


Underfull \hbox (badness 10000) in paragraph at lines 99--100

 []


Underfull \hbox (badness 10000) in paragraph at lines 103--104

 []


Underfull \hbox (badness 10000) in paragraph at lines 105--106

 []


Underfull \hbox (badness 10000) in paragraph at lines 107--108

 []


Underfull \hbox (badness 10000) in paragraph at lines 109--110

 []


Underfull \hbox (badness 10000) in paragraph at lines 111--112

 []


Underfull \hbox (badness 10000) in paragraph at lines 115--116

 []

Package babel Info: Redefining spanish shorthand <<
(babel)             in language append on input line 116.
Package babel Info: Redefining spanish shorthand >>
(babel)             in language append on input line 116.
Package babel Info: Redefining spanish shorthand "=
(babel)             in language append on input line 116.
Package babel Info: Redefining spanish shorthand "~
(babel)             in language append on input line 116.
Package babel Info: Redefining spanish shorthand "!
(babel)             in language append on input line 116.
Package babel Info: Redefining spanish shorthand "?
(babel)             in language append on input line 116.
Package babel Info: Redefining spanish shorthand <<
(babel)             in language append on input line 116.
Package babel Info: Redefining spanish shorthand >>
(babel)             in language append on input line 116.
Package babel Info: Redefining spanish shorthand "=
(babel)             in language append on input line 116.
Package babel Info: Redefining spanish shorthand "~
(babel)             in language append on input line 116.
Package babel Info: Redefining spanish shorthand "!
(babel)             in language append on input line 116.
Package babel Info: Redefining spanish shorthand "?
(babel)             in language append on input line 116.
[3]
Underfull \hbox (badness 10000) in paragraph at lines 117--118

 []


Underfull \hbox (badness 10000) in paragraph at lines 119--120

 []


Underfull \hbox (badness 10000) in paragraph at lines 121--122

 []


Underfull \hbox (badness 10000) in paragraph at lines 123--124

 []


Underfull \hbox (badness 10000) in paragraph at lines 125--126

 []


Underfull \hbox (badness 10000) in paragraph at lines 127--128

 []

LaTeX Font Info:    External font `cmex10' loaded for size
(Font)              <7> on input line 129.
LaTeX Font Info:    External font `cmex10' loaded for size
(Font)              <5> on input line 129.

Underfull \hbox (badness 10000) in paragraph at lines 141--142

 []

Package babel Info: Redefining spanish shorthand <<
(babel)             in language append on input line 143.
Package babel Info: Redefining spanish shorthand >>
(babel)             in language append on input line 143.
Package babel Info: Redefining spanish shorthand "=
(babel)             in language append on input line 143.
Package babel Info: Redefining spanish shorthand "~
(babel)             in language append on input line 143.
Package babel Info: Redefining spanish shorthand "!
(babel)             in language append on input line 143.
Package babel Info: Redefining spanish shorthand "?
(babel)             in language append on input line 143.
Package babel Info: Redefining spanish shorthand <<
(babel)             in language append on input line 143.
Package babel Info: Redefining spanish shorthand >>
(babel)             in language append on input line 143.
Package babel Info: Redefining spanish shorthand "=
(babel)             in language append on input line 143.
Package babel Info: Redefining spanish shorthand "~
(babel)             in language append on input line 143.
Package babel Info: Redefining spanish shorthand "!
(babel)             in language append on input line 143.
Package babel Info: Redefining spanish shorthand "?
(babel)             in language append on input line 143.
[4]
Underfull \hbox (badness 10000) in paragraph at lines 143--144

 []


Underfull \hbox (badness 10000) in paragraph at lines 145--146

 []


Underfull \hbox (badness 10000) in paragraph at lines 149--150

 []


Underfull \hbox (badness 10000) in paragraph at lines 151--152

 []


Underfull \hbox (badness 10000) in paragraph at lines 154--155

 []

Package babel Info: Redefining spanish shorthand <<
(babel)             in language append on input line 168.
Package babel Info: Redefining spanish shorthand >>
(babel)             in language append on input line 168.
Package babel Info: Redefining spanish shorthand "=
(babel)             in language append on input line 168.
Package babel Info: Redefining spanish shorthand "~
(babel)             in language append on input line 168.
Package babel Info: Redefining spanish shorthand "!
(babel)             in language append on input line 168.
Package babel Info: Redefining spanish shorthand "?
(babel)             in language append on input line 168.
Package babel Info: Redefining spanish shorthand <<
(babel)             in language append on input line 168.
Package babel Info: Redefining spanish shorthand >>
(babel)             in language append on input line 168.
Package babel Info: Redefining spanish shorthand "=
(babel)             in language append on input line 168.
Package babel Info: Redefining spanish shorthand "~
(babel)             in language append on input line 168.
Package babel Info: Redefining spanish shorthand "!
(babel)             in language append on input line 168.
Package babel Info: Redefining spanish shorthand "?
(babel)             in language append on input line 168.
[5]
Underfull \hbox (badness 10000) in paragraph at lines 177--178

 []


Underfull \hbox (badness 10000) in paragraph at lines 184--185

 []


Underfull \hbox (badness 10000) in paragraph at lines 186--187

 []


Underfull \hbox (badness 10000) in paragraph at lines 188--189

 []


Underfull \hbox (badness 10000) in paragraph at lines 199--200

 []


Underfull \hbox (badness 10000) in paragraph at lines 201--202

 []


Underfull \hbox (badness 10000) in paragraph at lines 203--204

 []


Underfull \hbox (badness 10000) in paragraph at lines 205--206

 []

Package babel Info: Redefining spanish shorthand <<
(babel)             in language append on input line 208.
Package babel Info: Redefining spanish shorthand >>
(babel)             in language append on input line 208.
Package babel Info: Redefining spanish shorthand "=
(babel)             in language append on input line 208.
Package babel Info: Redefining spanish shorthand "~
(babel)             in language append on input line 208.
Package babel Info: Redefining spanish shorthand "!
(babel)             in language append on input line 208.
Package babel Info: Redefining spanish shorthand "?
(babel)             in language append on input line 208.
Package babel Info: Redefining spanish shorthand <<
(babel)             in language append on input line 208.
Package babel Info: Redefining spanish shorthand >>
(babel)             in language append on input line 208.
Package babel Info: Redefining spanish shorthand "=
(babel)             in language append on input line 208.
Package babel Info: Redefining spanish shorthand "~
(babel)             in language append on input line 208.
Package babel Info: Redefining spanish shorthand "!
(babel)             in language append on input line 208.
Package babel Info: Redefining spanish shorthand "?
(babel)             in language append on input line 208.
[6]
Underfull \hbox (badness 10000) in paragraph at lines 213--215

 []


Underfull \hbox (badness 10000) in paragraph at lines 216--217

 []


Underfull \hbox (badness 10000) in paragraph at lines 220--222

 []


Underfull \hbox (badness 10000) in paragraph at lines 223--224

 []


Underfull \hbox (badness 10000) in paragraph at lines 225--226

 []


Underfull \hbox (badness 10000) in paragraph at lines 227--229

 []


Underfull \hbox (badness 10000) in paragraph at lines 231--232

 []


Underfull \hbox (badness 10000) in paragraph at lines 233--234

 []

Package babel Info: Redefining spanish shorthand <<
(babel)             in language append on input line 235.
Package babel Info: Redefining spanish shorthand >>
(babel)             in language append on input line 235.
Package babel Info: Redefining spanish shorthand "=
(babel)             in language append on input line 235.
Package babel Info: Redefining spanish shorthand "~
(babel)             in language append on input line 235.
Package babel Info: Redefining spanish shorthand "!
(babel)             in language append on input line 235.
Package babel Info: Redefining spanish shorthand "?
(babel)             in language append on input line 235.
Package babel Info: Redefining spanish shorthand <<
(babel)             in language append on input line 235.
Package babel Info: Redefining spanish shorthand >>
(babel)             in language append on input line 235.
Package babel Info: Redefining spanish shorthand "=
(babel)             in language append on input line 235.
Package babel Info: Redefining spanish shorthand "~
(babel)             in language append on input line 235.
Package babel Info: Redefining spanish shorthand "!
(babel)             in language append on input line 235.
Package babel Info: Redefining spanish shorthand "?
(babel)             in language append on input line 235.
[7]
Underfull \hbox (badness 10000) in paragraph at lines 236--237

 []


Underfull \hbox (badness 10000) in paragraph at lines 238--239

 []


Underfull \hbox (badness 10000) in paragraph at lines 253--254

 []


Underfull \hbox (badness 10000) in paragraph at lines 256--257

 []


Underfull \hbox (badness 10000) in paragraph at lines 258--259

 []

Package babel Info: Redefining spanish shorthand <<
(babel)             in language append on input line 259.
Package babel Info: Redefining spanish shorthand >>
(babel)             in language append on input line 259.
Package babel Info: Redefining spanish shorthand "=
(babel)             in language append on input line 259.
Package babel Info: Redefining spanish shorthand "~
(babel)             in language append on input line 259.
Package babel Info: Redefining spanish shorthand "!
(babel)             in language append on input line 259.
Package babel Info: Redefining spanish shorthand "?
(babel)             in language append on input line 259.
Package babel Info: Redefining spanish shorthand <<
(babel)             in language append on input line 259.
Package babel Info: Redefining spanish shorthand >>
(babel)             in language append on input line 259.
Package babel Info: Redefining spanish shorthand "=
(babel)             in language append on input line 259.
Package babel Info: Redefining spanish shorthand "~
(babel)             in language append on input line 259.
Package babel Info: Redefining spanish shorthand "!
(babel)             in language append on input line 259.
Package babel Info: Redefining spanish shorthand "?
(babel)             in language append on input line 259.
[8]
Underfull \hbox (badness 10000) in paragraph at lines 261--262

 []


Underfull \hbox (badness 10000) in paragraph at lines 264--265

 []


Underfull \hbox (badness 10000) in paragraph at lines 274--276

 []


Underfull \hbox (badness 10000) in paragraph at lines 279--280

 []


Underfull \hbox (badness 10000) in paragraph at lines 283--284

 []


Underfull \hbox (badness 10000) in paragraph at lines 285--286

 []

Package babel Info: Redefining spanish shorthand <<
(babel)             in language append on input line 286.
Package babel Info: Redefining spanish shorthand >>
(babel)             in language append on input line 286.
Package babel Info: Redefining spanish shorthand "=
(babel)             in language append on input line 286.
Package babel Info: Redefining spanish shorthand "~
(babel)             in language append on input line 286.
Package babel Info: Redefining spanish shorthand "!
(babel)             in language append on input line 286.
Package babel Info: Redefining spanish shorthand "?
(babel)             in language append on input line 286.
Package babel Info: Redefining spanish shorthand <<
(babel)             in language append on input line 286.
Package babel Info: Redefining spanish shorthand >>
(babel)             in language append on input line 286.
Package babel Info: Redefining spanish shorthand "=
(babel)             in language append on input line 286.
Package babel Info: Redefining spanish shorthand "~
(babel)             in language append on input line 286.
Package babel Info: Redefining spanish shorthand "!
(babel)             in language append on input line 286.
Package babel Info: Redefining spanish shorthand "?
(babel)             in language append on input line 286.
[9]
Underfull \hbox (badness 10000) in paragraph at lines 287--288

 []


Underfull \hbox (badness 10000) in paragraph at lines 289--290

 []


Underfull \hbox (badness 10000) in paragraph at lines 291--292

 []


Underfull \hbox (badness 10000) in paragraph at lines 293--294

 []


Underfull \hbox (badness 10000) in paragraph at lines 295--296

 []


Underfull \hbox (badness 10000) in paragraph at lines 297--300

 []


Underfull \hbox (badness 10000) in paragraph at lines 301--302

 []

Package babel Info: Redefining spanish shorthand <<
(babel)             in language append on input line 304.
Package babel Info: Redefining spanish shorthand >>
(babel)             in language append on input line 304.
Package babel Info: Redefining spanish shorthand "=
(babel)             in language append on input line 304.
Package babel Info: Redefining spanish shorthand "~
(babel)             in language append on input line 304.
Package babel Info: Redefining spanish shorthand "!
(babel)             in language append on input line 304.
Package babel Info: Redefining spanish shorthand "?
(babel)             in language append on input line 304.
Package babel Info: Redefining spanish shorthand <<
(babel)             in language append on input line 304.
Package babel Info: Redefining spanish shorthand >>
(babel)             in language append on input line 304.
Package babel Info: Redefining spanish shorthand "=
(babel)             in language append on input line 304.
Package babel Info: Redefining spanish shorthand "~
(babel)             in language append on input line 304.
Package babel Info: Redefining spanish shorthand "!
(babel)             in language append on input line 304.
Package babel Info: Redefining spanish shorthand "?
(babel)             in language append on input line 304.
[10]
Underfull \hbox (badness 10000) in paragraph at lines 305--306

 []


Underfull \hbox (badness 10000) in paragraph at lines 307--308

 []


Underfull \hbox (badness 10000) in paragraph at lines 309--311

 []


Underfull \hbox (badness 10000) in paragraph at lines 312--313

 []


Underfull \hbox (badness 10000) in paragraph at lines 314--315

 []


Underfull \hbox (badness 10000) in paragraph at lines 316--317

 []


Underfull \hbox (badness 10000) in paragraph at lines 318--319

 []


Underfull \hbox (badness 10000) in paragraph at lines 322--323

 []


Underfull \hbox (badness 10000) in paragraph at lines 324--325

 []


Underfull \hbox (badness 10000) in paragraph at lines 326--327

 []


Underfull \hbox (badness 10000) in paragraph at lines 328--329

 []

Package babel Info: Redefining spanish shorthand <<
(babel)             in language append on input line 329.
Package babel Info: Redefining spanish shorthand >>
(babel)             in language append on input line 329.
Package babel Info: Redefining spanish shorthand "=
(babel)             in language append on input line 329.
Package babel Info: Redefining spanish shorthand "~
(babel)             in language append on input line 329.
Package babel Info: Redefining spanish shorthand "!
(babel)             in language append on input line 329.
Package babel Info: Redefining spanish shorthand "?
(babel)             in language append on input line 329.
Package babel Info: Redefining spanish shorthand <<
(babel)             in language append on input line 329.
Package babel Info: Redefining spanish shorthand >>
(babel)             in language append on input line 329.
Package babel Info: Redefining spanish shorthand "=
(babel)             in language append on input line 329.
Package babel Info: Redefining spanish shorthand "~
(babel)             in language append on input line 329.
Package babel Info: Redefining spanish shorthand "!
(babel)             in language append on input line 329.
Package babel Info: Redefining spanish shorthand "?
(babel)             in language append on input line 329.
[11]
Underfull \hbox (badness 10000) in paragraph at lines 330--331

 []


Underfull \hbox (badness 10000) in paragraph at lines 332--333

 []


Underfull \hbox (badness 10000) in paragraph at lines 334--335

 []


Underfull \hbox (badness 10000) in paragraph at lines 336--337

 []


Underfull \hbox (badness 10000) in paragraph at lines 338--339

 []


Underfull \hbox (badness 10000) in paragraph at lines 340--341

 []


Underfull \hbox (badness 10000) in paragraph at lines 347--348

 []


Underfull \hbox (badness 10000) in paragraph at lines 351--352

 []


Underfull \hbox (badness 10000) in paragraph at lines 353--354

 []


Underfull \hbox (badness 10000) in paragraph at lines 355--356

 []

Package babel Info: Redefining spanish shorthand <<
(babel)             in language append on input line 356.
Package babel Info: Redefining spanish shorthand >>
(babel)             in language append on input line 356.
Package babel Info: Redefining spanish shorthand "=
(babel)             in language append on input line 356.
Package babel Info: Redefining spanish shorthand "~
(babel)             in language append on input line 356.
Package babel Info: Redefining spanish shorthand "!
(babel)             in language append on input line 356.
Package babel Info: Redefining spanish shorthand "?
(babel)             in language append on input line 356.
Package babel Info: Redefining spanish shorthand <<
(babel)             in language append on input line 356.
Package babel Info: Redefining spanish shorthand >>
(babel)             in language append on input line 356.
Package babel Info: Redefining spanish shorthand "=
(babel)             in language append on input line 356.
Package babel Info: Redefining spanish shorthand "~
(babel)             in language append on input line 356.
Package babel Info: Redefining spanish shorthand "!
(babel)             in language append on input line 356.
Package babel Info: Redefining spanish shorthand "?
(babel)             in language append on input line 356.
[12]
Underfull \hbox (badness 10000) in paragraph at lines 357--358

 []


Underfull \hbox (badness 10000) in paragraph at lines 360--361

 []


Underfull \hbox (badness 10000) in paragraph at lines 362--363

 []


Underfull \hbox (badness 10000) in paragraph at lines 365--366

 []


Underfull \hbox (badness 10000) in paragraph at lines 369--370

 []


Underfull \hbox (badness 10000) in paragraph at lines 373--374

 []


Underfull \hbox (badness 10000) in paragraph at lines 377--378

 []


Underfull \hbox (badness 10000) in paragraph at lines 379--381

 []

Package babel Info: Redefining spanish shorthand <<
(babel)             in language append on input line 382.
Package babel Info: Redefining spanish shorthand >>
(babel)             in language append on input line 382.
Package babel Info: Redefining spanish shorthand "=
(babel)             in language append on input line 382.
Package babel Info: Redefining spanish shorthand "~
(babel)             in language append on input line 382.
Package babel Info: Redefining spanish shorthand "!
(babel)             in language append on input line 382.
Package babel Info: Redefining spanish shorthand "?
(babel)             in language append on input line 382.
Package babel Info: Redefining spanish shorthand <<
(babel)             in language append on input line 382.
Package babel Info: Redefining spanish shorthand >>
(babel)             in language append on input line 382.
Package babel Info: Redefining spanish shorthand "=
(babel)             in language append on input line 382.
Package babel Info: Redefining spanish shorthand "~
(babel)             in language append on input line 382.
Package babel Info: Redefining spanish shorthand "!
(babel)             in language append on input line 382.
Package babel Info: Redefining spanish shorthand "?
(babel)             in language append on input line 382.
[13]
Underfull \hbox (badness 10000) in paragraph at lines 382--383

 []


Underfull \hbox (badness 10000) in paragraph at lines 385--386

 []


Underfull \hbox (badness 10000) in paragraph at lines 389--391

 []


Underfull \hbox (badness 10000) in paragraph at lines 392--393

 []


Underfull \hbox (badness 10000) in paragraph at lines 395--396

 []


Underfull \hbox (badness 10000) in paragraph at lines 397--398

 []


Underfull \hbox (badness 10000) in paragraph at lines 400--401

 []


Underfull \hbox (badness 10000) in paragraph at lines 402--403

 []

Package babel Info: Redefining spanish shorthand <<
(babel)             in language append on input line 403.
Package babel Info: Redefining spanish shorthand >>
(babel)             in language append on input line 403.
Package babel Info: Redefining spanish shorthand "=
(babel)             in language append on input line 403.
Package babel Info: Redefining spanish shorthand "~
(babel)             in language append on input line 403.
Package babel Info: Redefining spanish shorthand "!
(babel)             in language append on input line 403.
Package babel Info: Redefining spanish shorthand "?
(babel)             in language append on input line 403.
Package babel Info: Redefining spanish shorthand <<
(babel)             in language append on input line 403.
Package babel Info: Redefining spanish shorthand >>
(babel)             in language append on input line 403.
Package babel Info: Redefining spanish shorthand "=
(babel)             in language append on input line 403.
Package babel Info: Redefining spanish shorthand "~
(babel)             in language append on input line 403.
Package babel Info: Redefining spanish shorthand "!
(babel)             in language append on input line 403.
Package babel Info: Redefining spanish shorthand "?
(babel)             in language append on input line 403.
[14]
Underfull \hbox (badness 10000) in paragraph at lines 414--415

 []


Underfull \hbox (badness 10000) in paragraph at lines 416--417

 []


Underfull \hbox (badness 10000) in paragraph at lines 418--419

 []


Underfull \hbox (badness 10000) in paragraph at lines 420--421

 []


Underfull \hbox (badness 10000) in paragraph at lines 422--423

 []

Package babel Info: Redefining spanish shorthand <<
(babel)             in language append on input line 424.
Package babel Info: Redefining spanish shorthand >>
(babel)             in language append on input line 424.
Package babel Info: Redefining spanish shorthand "=
(babel)             in language append on input line 424.
Package babel Info: Redefining spanish shorthand "~
(babel)             in language append on input line 424.
Package babel Info: Redefining spanish shorthand "!
(babel)             in language append on input line 424.
Package babel Info: Redefining spanish shorthand "?
(babel)             in language append on input line 424.
Package babel Info: Redefining spanish shorthand <<
(babel)             in language append on input line 424.
Package babel Info: Redefining spanish shorthand >>
(babel)             in language append on input line 424.
Package babel Info: Redefining spanish shorthand "=
(babel)             in language append on input line 424.
Package babel Info: Redefining spanish shorthand "~
(babel)             in language append on input line 424.
Package babel Info: Redefining spanish shorthand "!
(babel)             in language append on input line 424.
Package babel Info: Redefining spanish shorthand "?
(babel)             in language append on input line 424.
[15]
Package atveryend Info: Empty hook `BeforeClearDocument' on input line 427.
Package babel Info: Redefining spanish shorthand <<
(babel)             in language append on input line 427.
Package babel Info: Redefining spanish shorthand >>
(babel)             in language append on input line 427.
Package babel Info: Redefining spanish shorthand "=
(babel)             in language append on input line 427.
Package babel Info: Redefining spanish shorthand "~
(babel)             in language append on input line 427.
Package babel Info: Redefining spanish shorthand "!
(babel)             in language append on input line 427.
Package babel Info: Redefining spanish shorthand "?
(babel)             in language append on input line 427.
Package babel Info: Redefining spanish shorthand <<
(babel)             in language append on input line 427.
Package babel Info: Redefining spanish shorthand >>
(babel)             in language append on input line 427.
Package babel Info: Redefining spanish shorthand "=
(babel)             in language append on input line 427.
Package babel Info: Redefining spanish shorthand "~
(babel)             in language append on input line 427.
Package babel Info: Redefining spanish shorthand "!
(babel)             in language append on input line 427.
Package babel Info: Redefining spanish shorthand "?
(babel)             in language append on input line 427.
 [16]
Package atveryend Info: Empty hook `AfterLastShipout' on input line 427.
 (./resumen-final.aux
LaTeX Info: Redefining \. on input line 25.
LaTeX Info: Redefining \% on input line 25.
)
Package atveryend Info: Executing hook `AtVeryEndDocument' on input line 427.
Package atveryend Info: Empty hook `AtEndAfterFileList' on input line 427.
Package atveryend Info: Empty hook `AtVeryVeryEnd' on input line 427.
 ) 
Here is how much of TeX's memory you used:
 6384 strings out of 492649
 94299 string characters out of 6129622
 192646 words of memory out of 5000000
 10158 multiletter control sequences out of 15000+600000
 5971 words of font info for 22 fonts, out of 8000000 for 9000
 1141 hyphenation exceptions out of 8191
 34i,12n,43p,795b,421s stack positions out of 5000i,500n,10000p,200000b,80000s
</usr/local/texlive/2018/texmf-dist/fonts/type1/public/amsfonts/cm/cmbx10.pfb
></usr/local/texlive/2018/texmf-dist/fonts/type1/public/amsfonts/cm/cmbx12.pfb>
</usr/local/texlive/2018/texmf-dist/fonts/type1/public/amsfonts/cm/cmex10.pfb><
/usr/local/texlive/2018/texmf-dist/fonts/type1/public/amsfonts/cm/cmmi10.pfb></
usr/local/texlive/2018/texmf-dist/fonts/type1/public/amsfonts/cm/cmmi5.pfb></us
r/local/texlive/2018/texmf-dist/fonts/type1/public/amsfonts/cm/cmmi7.pfb></usr/
local/texlive/2018/texmf-dist/fonts/type1/public/amsfonts/cm/cmr10.pfb></usr/lo
cal/texlive/2018/texmf-dist/fonts/type1/public/amsfonts/cm/cmr17.pfb></usr/loca
l/texlive/2018/texmf-dist/fonts/type1/public/amsfonts/cm/cmr5.pfb></usr/local/t
exlive/2018/texmf-dist/fonts/type1/public/amsfonts/cm/cmr7.pfb></usr/local/texl
ive/2018/texmf-dist/fonts/type1/public/amsfonts/cm/cmsy10.pfb></usr/local/texli
ve/2018/texmf-dist/fonts/type1/public/amsfonts/cm/cmsy7.pfb></usr/local/texlive
/2018/texmf-dist/fonts/type1/public/amsfonts/cm/cmti10.pfb></usr/local/texlive/
2018/texmf-dist/fonts/type1/public/amsfonts/cm/cmtt10.pfb>
Output written on resumen-final.pdf (16 pages, 215630 bytes).
PDF statistics:
 179 PDF objects out of 1000 (max. 8388607)
 145 compressed objects within 2 object streams
 52 named destinations out of 1000 (max. 500000)
 1 words of extra memory for PDF output out of 10000 (max. 10000000)

